Build started 1/9/2015 2:34:59 PM.
     1>Project "F:\GitHub\Interface\WinAPI_1\WinAPI_1.vcxproj" on node 2 (Build target(s)).
     1>ClCompile:
         C:\Program Files (x86)\Microsoft Visual Studio 12.0\VC\bin\CL.exe /c /ZI /nologo /W3 /WX- /sdl /Od /Oy- /D _UNICODE /D UNICODE /Gm /EHsc /RTC1 /MDd /GS /fp:precise /Zc:wchar_t /Zc:forScope /Fo"Debug\\" /Fd"Debug\vc120.pdb" /Gd /TP /analyze- /errorReport:prompt exercise_main.cpp
         exercise_main.cpp
     1>c:\program files (x86)\microsoft sdks\windows\v7.1a\include\sal_supp.h(57): warning C4005: '__useHeader' : macro redefinition
                 c:\program files (x86)\microsoft visual studio 12.0\vc\include\sal.h(2886) : see previous definition of '__useHeader'
     1>c:\program files (x86)\microsoft sdks\windows\v7.1a\include\specstrings_supp.h(77): warning C4005: '__on_failure' : macro redefinition
                 c:\program files (x86)\microsoft visual studio 12.0\vc\include\sal.h(2896) : see previous definition of '__on_failure'
       ResourceCompile:
         C:\Program Files (x86)\Windows Kits\8.1\bin\x86\rc.exe /D _UNICODE /D UNICODE /l"0x0409" /nologo /fo"Debug\WinAPI_1.res" WinAPI_1.rc 
     1>C:\Program Files (x86)\Microsoft Visual Studio 12.0\VC\include\sal.h(2886): warning RC4005: '__useHeader' : redefinition
         
     1>C:\Program Files (x86)\Microsoft Visual Studio 12.0\VC\include\sal.h(2896): warning RC4005: '__on_failure' : redefinition
         
       Link:
         C:\Program Files (x86)\Microsoft Visual Studio 12.0\VC\bin\link.exe /ERRORREPORT:PROMPT /OUT:"F:\GitHub\Interface\Debug\WinAPI_1.exe" /INCREMENTAL /NOLOGO kernel32.lib user32.lib gdi32.lib winspool.lib comdlg32.lib advapi32.lib shell32.lib ole32.lib oleaut32.lib uuid.lib odbc32.lib odbccp32.lib /MANIFEST /MANIFESTUAC:"level='asInvoker' uiAccess='false'" /manifest:embed /DEBUG /PDB:"F:\GitHub\Interface\Debug\WinAPI_1.pdb" /TLBID:1 /DYNAMICBASE /NXCOMPAT /IMPLIB:"F:\GitHub\Interface\Debug\WinAPI_1.lib" /MACHINE:X86 Debug\WinAPI_1.res
         Debug\Buttons.obj
         Debug\ClassRegister.obj
         Debug\exercise_main.obj
         Debug\hwWindow.obj
         Debug\template_main.obj
         LINK : F:\GitHub\Interface\Debug\WinAPI_1.exe not found or not built by the last incremental link; performing full link
     1>template_main.obj : error LNK2005: "long __stdcall WinProc(struct HWND__ *,unsigned int,unsigned int,long)" (?WinProc@@YGJPAUHWND__@@IIJ@Z) already defined in exercise_main.obj
     1>template_main.obj : error LNK2005: _WinMain@16 already defined in exercise_main.obj
     1>template_main.obj : error LNK2005: "struct HWND__ * hwnd" (?hwnd@@3PAUHWND__@@A) already defined in exercise_main.obj
     1>template_main.obj : error LNK2005: "struct HINSTANCE__ * hInst" (?hInst@@3PAUHINSTANCE__@@A) already defined in exercise_main.obj
     1>template_main.obj : error LNK2005: "int idFocus" (?idFocus@@3HA) already defined in exercise_main.obj
     1>F:\GitHub\Interface\Debug\WinAPI_1.exe : fatal error LNK1169: one or more multiply defined symbols found
     1>Done Building Project "F:\GitHub\Interface\WinAPI_1\WinAPI_1.vcxproj" (Build target(s)) -- FAILED.

Build FAILED.

Time Elapsed 00:00:02.17
