d:\code\winapi\usefont\debug\vc120.pdb
d:\code\winapi\usefont\debug\vc120.idb
d:\code\winapi\usefont\debug\classregister.obj
d:\code\winapi\usefont\debug\usefont.obj
d:\code\winapi\usefont\debug\hwwindow.obj
d:\code\winapi\usefont\debug\buttons.obj
d:\code\winapi\debug\usefont.pdb
d:\code\winapi\usefont\debug\usefont.tlog\cl.command.1.tlog
d:\code\winapi\usefont\debug\usefont.tlog\cl.read.1.tlog
d:\code\winapi\usefont\debug\usefont.tlog\cl.write.1.tlog
d:\code\winapi\usefont\debug\usefont.tlog\link-cvtres.read.1.tlog
d:\code\winapi\usefont\debug\usefont.tlog\link-cvtres.write.1.tlog
d:\code\winapi\usefont\debug\usefont.tlog\link-rc.read.1.tlog
d:\code\winapi\usefont\debug\usefont.tlog\link-rc.write.1.tlog
d:\code\winapi\usefont\debug\usefont.tlog\link.3380-cvtres.read.1.tlog
d:\code\winapi\usefont\debug\usefont.tlog\link.3380-cvtres.write.1.tlog
d:\code\winapi\usefont\debug\usefont.tlog\link.3380-rc.read.1.tlog
d:\code\winapi\usefont\debug\usefont.tlog\link.3380-rc.write.1.tlog
d:\code\winapi\usefont\debug\usefont.tlog\link.3380.read.1.tlog
d:\code\winapi\usefont\debug\usefont.tlog\link.3380.write.1.tlog
d:\code\winapi\usefont\debug\usefont.tlog\link.command.1.tlog
d:\code\winapi\usefont\debug\usefont.tlog\link.read.1.tlog
d:\code\winapi\usefont\debug\usefont.tlog\link.write.1.tlog
d:\code\winapi\usefont\debug\usefont.tlog\rc.command.1.tlog
d:\code\winapi\usefont\debug\usefont.tlog\rc.read.1.tlog
d:\code\winapi\usefont\debug\usefont.tlog\rc.write.1.tlog
