Build started 1/9/2015 10:32:55 PM.
     1>Project "F:\GitHub\Interface\WinAPI_1\Template\Template.vcxproj" on node 2 (Rebuild target(s)).
     1>ClCompile:
         C:\Program Files (x86)\Microsoft Visual Studio 12.0\VC\bin\CL.exe /c /ZI /nologo /W3 /WX- /sdl /Od /Oy- /D WIN32 /D _DEBUG /D _WINDOWS /D _UNICODE /D UNICODE /Gm /EHsc /RTC1 /MDd /GS /fp:precise /Zc:wchar_t /Zc:forScope /Yc"stdafx.h" /Fp"Debug\Template.pch" /Fo"Debug\\" /Fd"Debug\vc120.pdb" /Gd /TP /analyze- /errorReport:prompt stdafx.cpp
         stdafx.cpp
         C:\Program Files (x86)\Microsoft Visual Studio 12.0\VC\bin\CL.exe /c /ZI /nologo /W3 /WX- /sdl /Od /Oy- /D WIN32 /D _DEBUG /D _WINDOWS /D _UNICODE /D UNICODE /Gm /EHsc /RTC1 /MDd /GS /fp:precise /Zc:wchar_t /Zc:forScope /Yu"stdafx.h" /Fp"Debug\Template.pch" /Fo"Debug\\" /Fd"Debug\vc120.pdb" /Gd /TP /analyze- /errorReport:prompt Template.cpp
         Template.cpp
     1>f:\github\interface\winapi_1\template\template.cpp(181): warning C4244: 'argument' : conversion from 'double' to 'int', possible loss of data
     1>f:\github\interface\winapi_1\template\template.cpp(185): warning C4244: 'argument' : conversion from 'double' to 'int', possible loss of data
     1>f:\github\interface\winapi_1\template\template.cpp(155): warning C4101: 'hInstance' : unreferenced local variable
       ResourceCompile:
         C:\Program Files (x86)\Windows Kits\8.1\bin\x86\rc.exe /D _UNICODE /D UNICODE /l"0x0409" /nologo /fo"Debug\Template.res" Template.rc 
       Link:
         C:\Program Files (x86)\Microsoft Visual Studio 12.0\VC\bin\link.exe /ERRORREPORT:PROMPT /OUT:"F:\GitHub\Interface\Debug\Template.exe" /INCREMENTAL /NOLOGO kernel32.lib user32.lib gdi32.lib winspool.lib comdlg32.lib advapi32.lib shell32.lib ole32.lib oleaut32.lib uuid.lib odbc32.lib odbccp32.lib /MANIFEST /MANIFESTUAC:"level='asInvoker' uiAccess='false'" /manifest:embed /DEBUG /PDB:"F:\GitHub\Interface\Debug\Template.pdb" /SUBSYSTEM:WINDOWS /TLBID:1 /DYNAMICBASE /NXCOMPAT /IMPLIB:"F:\GitHub\Interface\Debug\Template.lib" /MACHINE:X86 Debug\Template.res
         Debug\stdafx.obj
         Debug\Template.obj
         Template.vcxproj -> F:\GitHub\Interface\Debug\Template.exe
     1>Done Building Project "F:\GitHub\Interface\WinAPI_1\Template\Template.vcxproj" (Rebuild target(s)).

Build succeeded.

Time Elapsed 00:00:01.34
