Build started 1/9/2015 10:21:02 PM.
     1>Project "F:\GitHub\Interface\Blive\Blive.vcxproj" on node 2 (Build target(s)).
     1>ClCompile:
         C:\Program Files (x86)\Microsoft Visual Studio 12.0\VC\bin\CL.exe /c /ZI /nologo /W3 /WX- /sdl /Od /Oy- /D _UNICODE /D UNICODE /Gm /EHsc /RTC1 /MDd /GS /fp:precise /Zc:wchar_t /Zc:forScope /Fo"Debug\\" /Fd"Debug\vc120.pdb" /Gd /TP /analyze- /errorReport:prompt main.cpp
         main.cpp
     1>f:\github\interface\blive\main.cpp(97): warning C4065: switch statement contains 'default' but no 'case' labels
     1>f:\github\interface\blive\main.cpp(104): warning C4065: switch statement contains 'default' but no 'case' labels
     1>f:\github\interface\blive\main.cpp(145): warning C4244: 'argument' : conversion from 'float' to 'int', possible loss of data
     1>f:\github\interface\blive\main.cpp(149): warning C4244: 'argument' : conversion from 'float' to 'int', possible loss of data
     1>f:\github\interface\blive\main.cpp(176): warning C4065: switch statement contains 'default' but no 'case' labels
       Link:
         C:\Program Files (x86)\Microsoft Visual Studio 12.0\VC\bin\link.exe /ERRORREPORT:PROMPT /OUT:"F:\GitHub\Interface\Debug\Blive.exe" /INCREMENTAL /NOLOGO kernel32.lib user32.lib gdi32.lib winspool.lib comdlg32.lib advapi32.lib shell32.lib ole32.lib oleaut32.lib uuid.lib odbc32.lib odbccp32.lib /MANIFEST /MANIFESTUAC:"level='asInvoker' uiAccess='false'" /manifest:embed /DEBUG /PDB:"F:\GitHub\Interface\Debug\Blive.pdb" /TLBID:1 /DYNAMICBASE /NXCOMPAT /IMPLIB:"F:\GitHub\Interface\Debug\Blive.lib" /MACHINE:X86 Debug\Blive.res
         Debug\Box.obj
         Debug\Buttons.obj
         Debug\ClassRegister.obj
         Debug\GroupBox.obj
         Debug\hwWindow.obj
         Debug\main.obj
         Blive.vcxproj -> F:\GitHub\Interface\Debug\Blive.exe
     1>Done Building Project "F:\GitHub\Interface\Blive\Blive.vcxproj" (Build target(s)).

Build succeeded.

Time Elapsed 00:00:02.22
